Arguments: 
  /usr/local/bin/node /usr/local/Cellar/yarn/1.3.2/libexec/bin/yarn.js install

PATH: 
  /Users/Johnny/Library/Android/sdk/tools:/Users/Johnny/Library/Android/sdk/platform-tools:ANDROID_BT_CLI:/Library/gradle/gradle-3.3/bin:/Library/Java/JavaVirtualMachines/jdk1.8.0_91.jdk/Contents/Home/bin:/Library/Frameworks/Python.framework/Versions/3.6/bin:/Library/Frameworks/Python.framework/Versions/2.7/bin:/usr/local/go/bin:/Users/Johnny/code/github/go/bin:/usr/local/bin:/usr/bin:/bin:/usr/sbin:/sbin:/usr/local/go/bin:/Library/Frameworks/Mono.framework/Versions/Current/Commands:/Users/Johnny/Library/Android/sdk/tools:/Users/Johnny/Library/Android/sdk/platform-tools:ANDROID_BT_CLI:/Library/gradle/gradle-3.3/bin:/Library/Java/JavaVirtualMachines/jdk1.8.0_91.jdk/Contents/Home/bin:/Library/Frameworks/Python.framework/Versions/3.6/bin:/Library/Frameworks/Python.framework/Versions/2.7/bin:/Users/Johnny/code/github/go/bin

Yarn version: 
  1.3.2

Node version: 
  8.11.1

Platform: 
  darwin x64

npm manifest: 
  {
      "name": "nuomi",
      "version": "1.0.0",
      "description": "",
      "main": "index.js",
      "scripts": {
          "test": "echo \"Error: no test specified\" && exit 1"
      },
      "repository": {
          "type": "git",
          "url": "git+https://github.com/johnnynode/nuomi.git"
      },
      "keywords": [],
      "author": "",
      "license": "ISC",
      "bugs": {
          "url": "https://github.com/johnnynode/nuomi/issues"
      },
      "homepage": "https://github.com/johnnynode/nuomi#readme",
      "dependencies": {
          "autoprefixer": "^7.2.5",
          "gulp": "^3.9.1",
          "gulp-clean-css": "^3.9.2",
          "gulp-concat": "^2.6.1",
          "gulp-connect": "^5.2.0",
          "gulp-html-replace": "^1.6.2",
          "gulp-htmlmin": "^4.0.0",
          "gulp-imagemin": "^4.1.0",
          "gulp-open": "^2.1.0",
          "gulp-plumber": "^1.1.0",
          "gulp-postcss": "^7.0.1",
          "gulp-sass": "^3.1.0",
          "gulp-strip-debug": "^2.0.0",
          "gulp-uglify": "^3.0.0",
          "gulp-util": "^3.0.8",
          "gulp-watch": "^4.3.11"
      },
      "devDependencies": {
          "http-proxy-middleware": "^0.17.4",
          "process": "^0.11.10",
          "run-sequence": "^2.2.1",
          "del": "^3.0.0"
      }
  }

yarn manifest: 
  No manifest

Lockfile: 
  No lockfile

Trace: 
  Error: https://registry.npm.taobao.org/autoprefixer: tunneling socket could not be established, cause=connect ETIMEDOUT 10.129.49.21:8080
      at ClientRequest.onError (/usr/local/Cellar/yarn/1.3.2/libexec/lib/cli.js:137335:17)
      at Object.onceWrapper (events.js:315:30)
      at emitOne (events.js:116:13)
      at ClientRequest.emit (events.js:211:7)
      at Socket.socketErrorListener (_http_client.js:387:9)
      at emitOne (events.js:116:13)
      at Socket.emit (events.js:211:7)
      at emitErrorNT (internal/streams/destroy.js:64:8)
      at _combinedTickCallback (internal/process/next_tick.js:138:11)
      at process._tickCallback (internal/process/next_tick.js:180:9)
